<?xml version="1.0" encoding="UTF-8" ?>
<testsuites disabled="0" errors="0" failures="0" tests="4" time="0.01">
 <testsuite name="Email id validator" timestamp="2020-04-19T19:27:57" hostname="localhost" time="0.01" errors="0" tests="4" skipped="0" disabled="0" failures="0">
  <testcase classname="Email id validator" name="for valid password it should not throw error" time="0.002" />
  <testcase classname="Email id validator" name="for invalid password it should throw error" time="0" />
  <testcase classname="Email id validator" name="for invalid email id it should throw error" time="0" />
  <testcase classname="Email id validator" name="for valid email id it should not throw error" time="0" />
 </testsuite>
</testsuites>